00:32:12.313 DEBUG Log4j22.Demo -i am dibbuging
00:32:12.368 ERROR Log4j22.Demo -it is failed
00:32:12.368 FATAL Log4j22.Demo -this is fatal
00:32:25.754 DEBUG Log4j22.Demo -i am dibbuging
00:32:25.757 ERROR Log4j22.Demo -it is failed
00:32:25.758 FATAL Log4j22.Demo -this is fatal
00:32:36.356 DEBUG Log4j2.Loggin -Debug Message Logged
00:32:36.359 ERROR Log4j2.Loggin -Error Message Logged
00:32:36.359 FATAL Log4j2.Loggin -Fatal Message Logged
00:32:54.587 DEBUG Log4j2.Loggin -Debug Message Logged
00:32:54.590 ERROR Log4j2.Loggin -Error Message Logged
00:32:54.591 FATAL Log4j2.Loggin -Fatal Message Logged
00:33:13.573 DEBUG Log4j2.Loggin -Debug Message Logged
00:33:13.576 ERROR Log4j2.Loggin -Error Message Logged
00:33:13.576 FATAL Log4j2.Loggin -Fatal Message Logged
00:34:10.843 DEBUG Log4j2.Loggin -Debug Message Logged
00:34:10.868 ERROR Log4j2.Loggin -Error Message Logged
00:34:10.868 FATAL Log4j2.Loggin -Fatal Message Logged
00:35:14.147 DEBUG Log4j22.Demo -i am dibbuging
00:35:14.147 DEBUG Log4j22.Demo -i am dibbuging
00:35:14.176 ERROR Log4j22.Demo -it is failed
00:35:14.176 ERROR Log4j22.Demo -it is failed
00:35:14.176 FATAL Log4j22.Demo -this is fatal
00:35:14.176 FATAL Log4j22.Demo -this is fatal
00:36:33.006 DEBUG Log4j22.Demo -i am dibbuging
00:36:33.009 ERROR Log4j22.Demo -it is failed
00:36:33.009 FATAL Log4j22.Demo -this is fatal
00:37:07.190 DEBUG Log4j22.Demo -i am dibbuging
00:37:07.193 ERROR Log4j22.Demo -it is failed
00:37:07.193 FATAL Log4j22.Demo -this is fatal
00:37:12.489 DEBUG Log4j22.Demo -i am dibbuging
00:37:12.494 ERROR Log4j22.Demo -it is failed
00:37:12.494 FATAL Log4j22.Demo -this is fatal
00:37:19.364 DEBUG Log4j2.Loggin -Debug Message Logged
00:37:19.367 ERROR Log4j2.Loggin -Error Message Logged
00:37:19.367 FATAL Log4j2.Loggin -Fatal Message Logged
00:37:24.818 DEBUG Log4j2.Loggin -Debug Message Logged
00:37:24.821 ERROR Log4j2.Loggin -Error Message Logged
00:37:24.821 FATAL Log4j2.Loggin -Fatal Message Logged
00:38:18.368 DEBUG Log4j2.Loggin -Debug Message Logged
00:38:18.371 ERROR Log4j2.Loggin -Error Message Logged
00:38:18.371 FATAL Log4j2.Loggin -Fatal Message Logged
